Using pre-set license
Built from '2021.3/staging' branch; Version is '2021.3.7f1 (24e8595d6d43) revision 2418777'; Using compiler version '192829333'; Build Type 'Release'
OS: 'Windows 11  (10.0.22621) 64bit Core' Language: 'ko' Physical Memory: 7896 MB
BatchMode: 1, IsHumanControllingUs: 0, StartBugReporterOnCrash: 0, Is64bit: 1, IsPro: 1

COMMAND LINE ARGUMENTS:
C:\Program Files\Unity 2021.3.7f1\Editor\Unity.exe
-adb2
-batchMode
-noUpm
-name
AssetImportWorker0
-projectPath
C:/Users/llk41/OneDrive/바탕 화면/GitHub/WagleWagle_FishCakeSoup
-logFile
Logs/AssetImportWorker0.log
-srvPort
55624
Successfully changed project path to: C:/Users/llk41/OneDrive/바탕 화면/GitHub/WagleWagle_FishCakeSoup
C:/Users/llk41/OneDrive/바탕 화면/GitHub/WagleWagle_FishCakeSoup
[UnityMemory] Configuration Parameters - Can be set up in boot.config
    "memorysetup-bucket-allocator-granularity=16"
    "memorysetup-bucket-allocator-bucket-count=8"
    "memorysetup-bucket-allocator-block-size=33554432"
    "memorysetup-bucket-allocator-block-count=8"
    "memorysetup-main-allocator-block-size=16777216"
    "memorysetup-thread-allocator-block-size=16777216"
    "memorysetup-gfx-main-allocator-block-size=16777216"
    "memorysetup-gfx-thread-allocator-block-size=16777216"
    "memorysetup-cache-allocator-block-size=4194304"
    "memorysetup-typetree-allocator-block-size=2097152"
    "memorysetup-profiler-bucket-allocator-granularity=16"
    "memorysetup-profiler-bucket-allocator-bucket-count=8"
    "memorysetup-profiler-bucket-allocator-block-size=33554432"
    "memorysetup-profiler-bucket-allocator-block-count=8"
    "memorysetup-profiler-allocator-block-size=16777216"
    "memorysetup-profiler-editor-allocator-block-size=1048576"
    "memorysetup-temp-allocator-size-main=16777216"
    "memorysetup-job-temp-allocator-block-size=2097152"
    "memorysetup-job-temp-allocator-block-size-background=1048576"
    "memorysetup-job-temp-allocator-reduction-small-platforms=262144"
    "memorysetup-temp-allocator-size-background-worker=32768"
    "memorysetup-temp-allocator-size-job-worker=262144"
    "memorysetup-temp-allocator-size-preload-manager=33554432"
    "memorysetup-temp-allocator-size-nav-mesh-worker=65536"
    "memorysetup-temp-allocator-size-audio-worker=65536"
    "memorysetup-temp-allocator-size-cloud-worker=32768"
    "memorysetup-temp-allocator-size-gi-baking-worker=262144"
    "memorysetup-temp-allocator-size-gfx=262144"
Refreshing native plugins compatible for Editor in 62.29 ms, found 4 plugins.
Preloading 0 native plugins for Editor in 0.00 ms.
Initialize engine version: 2021.3.7f1 (24e8595d6d43)
[Subsystems] Discovering subsystems at path C:/Program Files/Unity 2021.3.7f1/Editor/Data/Resources/UnitySubsystems
[Subsystems] Discovering subsystems at path C:/Users/llk41/OneDrive/바탕 화면/GitHub/WagleWagle_FishCakeSoup/Assets
GfxDevice: creating device client; threaded=0; jobified=0
Direct3D:
    Version:  Direct3D 11.0 [level 11.1]
    Renderer: NVIDIA GeForce RTX 3060 Laptop GPU (ID=0x2520)
    Vendor:   NVIDIA
    VRAM:     6009 MB
    Driver:   31.0.15.2892
Initialize mono
Mono path[0] = 'C:/Program Files/Unity 2021.3.7f1/Editor/Data/Managed'
Mono path[1] = 'C:/Program Files/Unity 2021.3.7f1/Editor/Data/MonoBleedingEdge/lib/mono/unityjit-win32'
Mono config path = 'C:/Program Files/Unity 2021.3.7f1/Editor/Data/MonoBleedingEdge/etc'
Using monoOptions --debugger-agent=transport=dt_socket,embedding=1,server=y,suspend=n,address=127.0.0.1:56408
Begin MonoManager ReloadAssembly
Registering precompiled unity dll's ...
Register platform support module: C:/Program Files/Unity 2021.3.7f1/Editor/Data/PlaybackEngines/AndroidPlayer/UnityEditor.Android.Extensions.dll
Register platform support module: C:/Program Files/Unity 2021.3.7f1/Editor/Data/PlaybackEngines/WindowsStandaloneSupport/UnityEditor.WindowsStandalone.Extensions.dll
Registered in 0.001814 seconds.
Native extension for WindowsStandalone target not found
Native extension for Android target not found
Refreshing native plugins compatible for Editor in 60.57 ms, found 4 plugins.
Preloading 0 native plugins for Editor in 0.00 ms.
Mono: successfully reloaded assembly
- Completed reload, in  0.470 seconds
Domain Reload Profiling:
	ReloadAssembly (470ms)
		BeginReloadAssembly (50ms)
			ExecutionOrderSort (0ms)
			DisableScriptedObjects (0ms)
			BackupInstance (0ms)
			ReleaseScriptingObjects (0ms)
			CreateAndSetChildDomain (1ms)
		EndReloadAssembly (352ms)
			LoadAssemblies (49ms)
			RebuildTransferFunctionScriptingTraits (0ms)
			SetupTypeCache (77ms)
			ReleaseScriptCaches (0ms)
			RebuildScriptCaches (19ms)
			SetupLoadedEditorAssemblies (219ms)
				LogAssemblyErrors (0ms)
				InitializePlatformSupportModulesInManaged (57ms)
				SetLoadedEditorAssemblies (0ms)
				RefreshPlugins (61ms)
				BeforeProcessingInitializeOnLoad (1ms)
				ProcessInitializeOnLoadAttributes (69ms)
				ProcessInitializeOnLoadMethodAttributes (31ms)
				AfterProcessingInitializeOnLoad (0ms)
				EditorAssembliesLoaded (0ms)
			ExecutionOrderSort2 (0ms)
			AwakeInstancesAfterBackupRestoration (0ms)
Platform modules already initialized, skipping
Registering precompiled user dll's ...
Registered in 0.003759 seconds.
Begin MonoManager ReloadAssembly
Symbol file LoadedFromMemory doesn't match image C:\Users\llk41\OneDrive\바탕 화면\GitHub\WagleWagle_FishCakeSoup\Library\PackageCache\com.unity.visualscripting@1.7.8\Editor\VisualScripting.Core\Dependencies\YamlDotNet\Unity.VisualScripting.YamlDotNet.dll
Symbol file LoadedFromMemory doesn't match image C:\Users\llk41\OneDrive\바탕 화면\GitHub\WagleWagle_FishCakeSoup\Library\PackageCache\com.unity.visualscripting@1.7.8\Editor\VisualScripting.Core\Dependencies\DotNetZip\Unity.VisualScripting.IonicZip.dll
Native extension for WindowsStandalone target not found
Native extension for Android target not found
Refreshing native plugins compatible for Editor in 61.41 ms, found 4 plugins.
Preloading 0 native plugins for Editor in 0.00 ms.
Mono: successfully reloaded assembly
- Completed reload, in  0.814 seconds
Domain Reload Profiling:
	ReloadAssembly (815ms)
		BeginReloadAssembly (86ms)
			ExecutionOrderSort (0ms)
			DisableScriptedObjects (4ms)
			BackupInstance (0ms)
			ReleaseScriptingObjects (0ms)
			CreateAndSetChildDomain (15ms)
		EndReloadAssembly (644ms)
			LoadAssemblies (67ms)
			RebuildTransferFunctionScriptingTraits (0ms)
			SetupTypeCache (172ms)
			ReleaseScriptCaches (1ms)
			RebuildScriptCaches (39ms)
			SetupLoadedEditorAssemblies (335ms)
				LogAssemblyErrors (0ms)
				InitializePlatformSupportModulesInManaged (8ms)
				SetLoadedEditorAssemblies (0ms)
				RefreshPlugins (61ms)
				BeforeProcessingInitializeOnLoad (63ms)
				ProcessInitializeOnLoadAttributes (166ms)
				ProcessInitializeOnLoadMethodAttributes (33ms)
				AfterProcessingInitializeOnLoad (3ms)
				EditorAssembliesLoaded (0ms)
			ExecutionOrderSort2 (0ms)
			AwakeInstancesAfterBackupRestoration (4ms)
Platform modules already initialized, skipping
========================================================================
Worker process is ready to serve import requests
Launched and connected shader compiler UnityShaderCompiler.exe after 0.04 seconds
Refreshing native plugins compatible for Editor in 0.55 ms, found 4 plugins.
Preloading 0 native plugins for Editor in 0.00 ms.
Unloading 4117 Unused Serialized files (Serialized files now loaded: 0)
Unloading 44 unused Assets / (222.6 KB). Loaded Objects now: 4570.
Memory consumption went from 154.7 MB to 154.4 MB.
Total: 6.031800 ms (FindLiveObjects: 0.656800 ms CreateObjectMapping: 0.381400 ms MarkObjects: 4.382500 ms  DeleteObjects: 0.609100 ms)

AssetImportParameters requested are different than current active one (requested -> active):
  custom:video-decoder-ogg-theora: a1e56fd34408186e4bbccfd4996cb3dc -> 
  custom:container-muxer-webm: aa71ff27fc2769a1b78a27578f13a17b -> 
  custom:container-demuxer-webm: 4f35f7cbe854078d1ac9338744f61a02 -> 
  custom:video-encoder-webm-vp8: eb34c28f22e8b96e1ab97ce403110664 -> 
  custom:video-codec-MediaFoundation-h265: 746d11721c4dcdbdad8f713fa42b33f4 -> 
  custom:audio-encoder-webm-vorbis: bf7c407c2cedff20999df2af8eb42d56 -> 
  custom:framework-win-MediaFoundation: 216162199b28c13a410421893ffa2e32 -> 
  custom:container-demuxer-ogg: 62fdf1f143b41e24485cea50d1cbac27 -> 
  custom:video-decoder-webm-vp8: 9c59270c3fd7afecdb556c50c9e8de78 -> 
  custom:audio-decoder-ogg-vorbis: bf7c407c2cedff20999df2af8eb42d56 -> 
========================================================================
Received Import Request.
  Time since last request: 1035393.201571 seconds.
  path: Assets/Image/UI/GameUI/Btn.png
  artifactKey: Guid(b6b07f7c3299b0e4786c4e7b3edfcf70) Importer(815301076,1909f56bfc062723c751e8b465ee728b)
Start importing Assets/Image/UI/GameUI/Btn.png using Guid(b6b07f7c3299b0e4786c4e7b3edfcf70) Importer(815301076,1909f56bfc062723c751e8b465ee728b)  -> (artifact id: '6e05369ca0c972cb132ff1cfe0f81287') in 0.107688 seconds 
========================================================================
Received Import Request.
  Time since last request: 298.158935 seconds.
  path: Assets/Image/UI/GameUI/3.png
  artifactKey: Guid(fdb1c73c14f4bee4d908dab8bb57e68e) Importer(815301076,1909f56bfc062723c751e8b465ee728b)
Start importing Assets/Image/UI/GameUI/3.png using Guid(fdb1c73c14f4bee4d908dab8bb57e68e) Importer(815301076,1909f56bfc062723c751e8b465ee728b)  -> (artifact id: '419d930627a8b3b41e612b3364b142bd') in 0.049365 seconds 
========================================================================
Received Import Request.
  Time since last request: 9.372457 seconds.
  path: Assets/Image/UI/GameUI/Btnn.png
  artifactKey: Guid(fdb1c73c14f4bee4d908dab8bb57e68e) Importer(815301076,1909f56bfc062723c751e8b465ee728b)
Start importing Assets/Image/UI/GameUI/Btnn.png using Guid(fdb1c73c14f4bee4d908dab8bb57e68e) Importer(815301076,1909f56bfc062723c751e8b465ee728b)  -> (artifact id: '26d4cda97523d4fad3fc8f3bcfaf3228') in 0.027895 seconds 
========================================================================
Received Import Request.
  Time since last request: 33.955447 seconds.
  path: Assets/Image/UI/GameUI/Btnn.png
  artifactKey: Guid(fdb1c73c14f4bee4d908dab8bb57e68e) Importer(815301076,1909f56bfc062723c751e8b465ee728b)
Start importing Assets/Image/UI/GameUI/Btnn.png using Guid(fdb1c73c14f4bee4d908dab8bb57e68e) Importer(815301076,1909f56bfc062723c751e8b465ee728b)  -> (artifact id: '23d834db8a98389edafb94f85f7a6de4') in 0.019382 seconds 
========================================================================
Received Import Request.
  Time since last request: 16.816677 seconds.
  path: Assets/Image/UI/GameUI/Btnn.png
  artifactKey: Guid(fdb1c73c14f4bee4d908dab8bb57e68e) Importer(815301076,1909f56bfc062723c751e8b465ee728b)
Start importing Assets/Image/UI/GameUI/Btnn.png using Guid(fdb1c73c14f4bee4d908dab8bb57e68e) Importer(815301076,1909f56bfc062723c751e8b465ee728b)  -> (artifact id: '4d8ffda64fc29049ec5445bd2174a720') in 0.016557 seconds 
========================================================================
Received Import Request.
  Time since last request: 13.007969 seconds.
  path: Assets/Image/UI/GameUI/Btnn.png
  artifactKey: Guid(fdb1c73c14f4bee4d908dab8bb57e68e) Importer(815301076,1909f56bfc062723c751e8b465ee728b)
Start importing Assets/Image/UI/GameUI/Btnn.png using Guid(fdb1c73c14f4bee4d908dab8bb57e68e) Importer(815301076,1909f56bfc062723c751e8b465ee728b)  -> (artifact id: '6a255dddc1f9e2a356f8157553a904c6') in 0.015582 seconds 
========================================================================
Received Import Request.
  Time since last request: 27.925764 seconds.
  path: Assets/Image/UI/GameUI/Btnn.png
  artifactKey: Guid(fdb1c73c14f4bee4d908dab8bb57e68e) Importer(815301076,1909f56bfc062723c751e8b465ee728b)
Start importing Assets/Image/UI/GameUI/Btnn.png using Guid(fdb1c73c14f4bee4d908dab8bb57e68e) Importer(815301076,1909f56bfc062723c751e8b465ee728b)  -> (artifact id: '7d51c760d0d3e75cecbfb639432c63e0') in 0.013528 seconds 
========================================================================
Received Import Request.
  Time since last request: 200.532570 seconds.
  path: Assets/Image/UI/GameUI/Btnn.png
  artifactKey: Guid(fdb1c73c14f4bee4d908dab8bb57e68e) Importer(815301076,1909f56bfc062723c751e8b465ee728b)
Start importing Assets/Image/UI/GameUI/Btnn.png using Guid(fdb1c73c14f4bee4d908dab8bb57e68e) Importer(815301076,1909f56bfc062723c751e8b465ee728b)  -> (artifact id: '04e2ce43679d10a95190ffb3c35ebe2a') in 0.013212 seconds 
========================================================================
Received Import Request.
  Time since last request: 11.880136 seconds.
  path: Assets/Image/UI/GameUI/Btnn.png
  artifactKey: Guid(fdb1c73c14f4bee4d908dab8bb57e68e) Importer(815301076,1909f56bfc062723c751e8b465ee728b)
Start importing Assets/Image/UI/GameUI/Btnn.png using Guid(fdb1c73c14f4bee4d908dab8bb57e68e) Importer(815301076,1909f56bfc062723c751e8b465ee728b)  -> (artifact id: 'e71e99f3f6d72548753647168b5589eb') in 0.013095 seconds 
========================================================================
Received Import Request.
  Time since last request: 40.568034 seconds.
  path: Assets/Image/UI/GameUI/Btnn.png
  artifactKey: Guid(fdb1c73c14f4bee4d908dab8bb57e68e) Importer(815301076,1909f56bfc062723c751e8b465ee728b)
Start importing Assets/Image/UI/GameUI/Btnn.png using Guid(fdb1c73c14f4bee4d908dab8bb57e68e) Importer(815301076,1909f56bfc062723c751e8b465ee728b)  -> (artifact id: 'ca48c7f5b34aecaa6aa916b0e8682a28') in 0.017201 seconds 
========================================================================
Received Import Request.
  Time since last request: 195.680754 seconds.
  path: Assets/Image/UI/GameUI/Life.png
  artifactKey: Guid(a4783577b19cd5048809a6d3a65d23cf) Importer(815301076,1909f56bfc062723c751e8b465ee728b)
Start importing Assets/Image/UI/GameUI/Life.png using Guid(a4783577b19cd5048809a6d3a65d23cf) Importer(815301076,1909f56bfc062723c751e8b465ee728b)  -> (artifact id: 'e68f17a104cb65e43dbf7e9d35432f2d') in 0.030284 seconds 
========================================================================
Received Import Request.
  Time since last request: 21.885777 seconds.
  path: Assets/Image/UI/GameUI/Life.png
  artifactKey: Guid(a4783577b19cd5048809a6d3a65d23cf) Importer(815301076,1909f56bfc062723c751e8b465ee728b)
Start importing Assets/Image/UI/GameUI/Life.png using Guid(a4783577b19cd5048809a6d3a65d23cf) Importer(815301076,1909f56bfc062723c751e8b465ee728b)  -> (artifact id: 'a9331ebd47e4905d30da636847058574') in 0.026190 seconds 
========================================================================
Received Import Request.
  Time since last request: 467.005825 seconds.
  path: Assets/Image/UI/GameUI/5.png
  artifactKey: Guid(a3d506ccd7f81f64397a02fd72f8d439) Importer(815301076,1909f56bfc062723c751e8b465ee728b)
Start importing Assets/Image/UI/GameUI/5.png using Guid(a3d506ccd7f81f64397a02fd72f8d439) Importer(815301076,1909f56bfc062723c751e8b465ee728b)  -> (artifact id: '46de60b91bd8a03a62e7d409b45c5eab') in 0.038106 seconds 
========================================================================
Received Import Request.
  Time since last request: 11.543140 seconds.
  path: Assets/Image/UI/GameUI/Sco.png
  artifactKey: Guid(a3d506ccd7f81f64397a02fd72f8d439) Importer(815301076,1909f56bfc062723c751e8b465ee728b)
Start importing Assets/Image/UI/GameUI/Sco.png using Guid(a3d506ccd7f81f64397a02fd72f8d439) Importer(815301076,1909f56bfc062723c751e8b465ee728b)  -> (artifact id: 'f228d0eda910381682bef0b2fbcbf7f8') in 0.039815 seconds 
========================================================================
Received Import Request.
  Time since last request: 521.902482 seconds.
  path: Assets/Image/UI/GameUI/Score.png
  artifactKey: Guid(a3d506ccd7f81f64397a02fd72f8d439) Importer(815301076,1909f56bfc062723c751e8b465ee728b)
Start importing Assets/Image/UI/GameUI/Score.png using Guid(a3d506ccd7f81f64397a02fd72f8d439) Importer(815301076,1909f56bfc062723c751e8b465ee728b)  -> (artifact id: '9ccf0ab5819093ed44e62fcb081e56d3') in 0.050636 seconds 
========================================================================
Received Import Request.
  Time since last request: 5.360281 seconds.
  path: Assets/Image/UI/GameUI/Btn.png
  artifactKey: Guid(fdb1c73c14f4bee4d908dab8bb57e68e) Importer(815301076,1909f56bfc062723c751e8b465ee728b)
Start importing Assets/Image/UI/GameUI/Btn.png using Guid(fdb1c73c14f4bee4d908dab8bb57e68e) Importer(815301076,1909f56bfc062723c751e8b465ee728b)  -> (artifact id: '63cf105b37f2e5076e6b3f243e3c51b0') in 0.009661 seconds 
========================================================================
Received Import Request.
  Time since last request: 16.716410 seconds.
  path: Assets/Image/UI/GameUI/Btn.png
  artifactKey: Guid(fdb1c73c14f4bee4d908dab8bb57e68e) Importer(815301076,1909f56bfc062723c751e8b465ee728b)
Start importing Assets/Image/UI/GameUI/Btn.png using Guid(fdb1c73c14f4bee4d908dab8bb57e68e) Importer(815301076,1909f56bfc062723c751e8b465ee728b)  -> (artifact id: '145201591a692d3781ac7f3de8c8bd04') in 0.011193 seconds 
========================================================================
Received Import Request.
  Time since last request: 113.880876 seconds.
  path: Assets/Image/UI/GameUI/4.png
  artifactKey: Guid(ae304f9ec5d1a854c902e04f11ecb95a) Importer(815301076,1909f56bfc062723c751e8b465ee728b)
Start importing Assets/Image/UI/GameUI/4.png using Guid(ae304f9ec5d1a854c902e04f11ecb95a) Importer(815301076,1909f56bfc062723c751e8b465ee728b)  -> (artifact id: 'd19130d71988cdc97a64e5ae20fe09b8') in 0.039905 seconds 
========================================================================
Received Prepare
Registering precompiled user dll's ...
Registered in 0.004402 seconds.
Begin MonoManager ReloadAssembly
Symbol file LoadedFromMemory doesn't match image C:\Users\llk41\OneDrive\바탕 화면\GitHub\WagleWagle_FishCakeSoup\Library\PackageCache\com.unity.visualscripting@1.7.8\Editor\VisualScripting.Core\Dependencies\YamlDotNet\Unity.VisualScripting.YamlDotNet.dll
Symbol file LoadedFromMemory doesn't match image C:\Users\llk41\OneDrive\바탕 화면\GitHub\WagleWagle_FishCakeSoup\Library\PackageCache\com.unity.visualscripting@1.7.8\Editor\VisualScripting.Core\Dependencies\DotNetZip\Unity.VisualScripting.IonicZip.dll
Native extension for WindowsStandalone target not found
Native extension for Android target not found
Refreshing native plugins compatible for Editor in 1.24 ms, found 4 plugins.
Preloading 0 native plugins for Editor in 0.00 ms.
Mono: successfully reloaded assembly
- Completed reload, in  1.042 seconds
Domain Reload Profiling:
	ReloadAssembly (1043ms)
		BeginReloadAssembly (204ms)
			ExecutionOrderSort (0ms)
			DisableScriptedObjects (18ms)
			BackupInstance (0ms)
			ReleaseScriptingObjects (0ms)
			CreateAndSetChildDomain (98ms)
		EndReloadAssembly (749ms)
			LoadAssemblies (92ms)
			RebuildTransferFunctionScriptingTraits (0ms)
			SetupTypeCache (255ms)
			ReleaseScriptCaches (2ms)
			RebuildScriptCaches (44ms)
			SetupLoadedEditorAssemblies (310ms)
				LogAssemblyErrors (0ms)
				InitializePlatformSupportModulesInManaged (19ms)
				SetLoadedEditorAssemblies (1ms)
				RefreshPlugins (1ms)
				BeforeProcessingInitializeOnLoad (63ms)
				ProcessInitializeOnLoadAttributes (183ms)
				ProcessInitializeOnLoadMethodAttributes (38ms)
				AfterProcessingInitializeOnLoad (4ms)
				EditorAssembliesLoaded (0ms)
			ExecutionOrderSort2 (0ms)
			AwakeInstancesAfterBackupRestoration (8ms)
Platform modules already initialized, skipping
Refreshing native plugins compatible for Editor in 2.86 ms, found 4 plugins.
Preloading 0 native plugins for Editor in 0.00 ms.
Unloading 4099 Unused Serialized files (Serialized files now loaded: 0)
Unloading 31 unused Assets / (190.0 KB). Loaded Objects now: 4586.
Memory consumption went from 157.7 MB to 157.5 MB.
Total: 4.834600 ms (FindLiveObjects: 0.460500 ms CreateObjectMapping: 0.171000 ms MarkObjects: 4.080400 ms  DeleteObjects: 0.121500 ms)

AssetImportParameters requested are different than current active one (requested -> active):
  custom:video-decoder-ogg-theora: a1e56fd34408186e4bbccfd4996cb3dc -> 
  custom:container-muxer-webm: aa71ff27fc2769a1b78a27578f13a17b -> 
  custom:container-demuxer-webm: 4f35f7cbe854078d1ac9338744f61a02 -> 
  custom:video-encoder-webm-vp8: eb34c28f22e8b96e1ab97ce403110664 -> 
  custom:video-codec-MediaFoundation-h265: 746d11721c4dcdbdad8f713fa42b33f4 -> 
  custom:audio-encoder-webm-vorbis: bf7c407c2cedff20999df2af8eb42d56 -> 
  custom:framework-win-MediaFoundation: 216162199b28c13a410421893ffa2e32 -> 
  custom:container-demuxer-ogg: 62fdf1f143b41e24485cea50d1cbac27 -> 
  custom:video-decoder-webm-vp8: 9c59270c3fd7afecdb556c50c9e8de78 -> 
  custom:audio-decoder-ogg-vorbis: bf7c407c2cedff20999df2af8eb42d56 -> 
========================================================================
Received Import Request.
  Time since last request: 204.937479 seconds.
  path: Assets/Image/UI/GameUI/6.png
  artifactKey: Guid(a2afe297ab844e740b116c9f3ca62e26) Importer(815301076,1909f56bfc062723c751e8b465ee728b)
Start importing Assets/Image/UI/GameUI/6.png using Guid(a2afe297ab844e740b116c9f3ca62e26) Importer(815301076,1909f56bfc062723c751e8b465ee728b)  -> (artifact id: '49ee0729b76f0cde3fe0e02c0d5679b2') in 0.081056 seconds 
========================================================================
Received Import Request.
  Time since last request: 229.721500 seconds.
  path: Assets/Image/UI/GameUI/6.png
  artifactKey: Guid(a2afe297ab844e740b116c9f3ca62e26) Importer(815301076,1909f56bfc062723c751e8b465ee728b)
Start importing Assets/Image/UI/GameUI/6.png using Guid(a2afe297ab844e740b116c9f3ca62e26) Importer(815301076,1909f56bfc062723c751e8b465ee728b)  -> (artifact id: 'c81b5e60c4954330ff52035f33a8fbd2') in 0.022845 seconds 
========================================================================
Received Import Request.
  Time since last request: 29.499538 seconds.
  path: Assets/Image/UI/GameUI/4.png
  artifactKey: Guid(ae304f9ec5d1a854c902e04f11ecb95a) Importer(815301076,1909f56bfc062723c751e8b465ee728b)
Start importing Assets/Image/UI/GameUI/4.png using Guid(ae304f9ec5d1a854c902e04f11ecb95a) Importer(815301076,1909f56bfc062723c751e8b465ee728b)  -> (artifact id: '4622fefac53777e92fa92dda74ef9510') in 0.011518 seconds 
========================================================================
Received Import Request.
  Time since last request: 12.097118 seconds.
  path: Assets/Image/UI/GameUI/4.png
  artifactKey: Guid(ae304f9ec5d1a854c902e04f11ecb95a) Importer(815301076,1909f56bfc062723c751e8b465ee728b)
Start importing Assets/Image/UI/GameUI/4.png using Guid(ae304f9ec5d1a854c902e04f11ecb95a) Importer(815301076,1909f56bfc062723c751e8b465ee728b)  -> (artifact id: 'f6cb20887538d94bfcf33206a7a7c08f') in 0.032898 seconds 
========================================================================
Received Import Request.
  Time since last request: 20.909985 seconds.
  path: Assets/Image/UI/GameUI/4.png
  artifactKey: Guid(ae304f9ec5d1a854c902e04f11ecb95a) Importer(815301076,1909f56bfc062723c751e8b465ee728b)
Start importing Assets/Image/UI/GameUI/4.png using Guid(ae304f9ec5d1a854c902e04f11ecb95a) Importer(815301076,1909f56bfc062723c751e8b465ee728b)  -> (artifact id: 'd00bbb5fe6a806e7fc010bf1389f41f2') in 0.011034 seconds 
========================================================================
Received Import Request.
  Time since last request: 18.047265 seconds.
  path: Assets/Image/UI/GameUI/4.png
  artifactKey: Guid(ae304f9ec5d1a854c902e04f11ecb95a) Importer(815301076,1909f56bfc062723c751e8b465ee728b)
Start importing Assets/Image/UI/GameUI/4.png using Guid(ae304f9ec5d1a854c902e04f11ecb95a) Importer(815301076,1909f56bfc062723c751e8b465ee728b)  -> (artifact id: '1c9126104de972d4862a7e9b13eb1492') in 0.018263 seconds 
========================================================================
Received Import Request.
  Time since last request: 32.825996 seconds.
  path: Assets/Image/UI/GameUI/Score.png
  artifactKey: Guid(a3d506ccd7f81f64397a02fd72f8d439) Importer(815301076,1909f56bfc062723c751e8b465ee728b)
Start importing Assets/Image/UI/GameUI/Score.png using Guid(a3d506ccd7f81f64397a02fd72f8d439) Importer(815301076,1909f56bfc062723c751e8b465ee728b)  -> (artifact id: '592ed5f5e7d6763d0e9a03ff3568cef0') in 0.023924 seconds 
========================================================================
Received Import Request.
  Time since last request: 27.024882 seconds.
  path: Assets/Image/UI/GameUI/Score.png
  artifactKey: Guid(a3d506ccd7f81f64397a02fd72f8d439) Importer(815301076,1909f56bfc062723c751e8b465ee728b)
Start importing Assets/Image/UI/GameUI/Score.png using Guid(a3d506ccd7f81f64397a02fd72f8d439) Importer(815301076,1909f56bfc062723c751e8b465ee728b)  -> (artifact id: '3e2689115eac4960a8df9aa17e3f03cf') in 0.018761 seconds 
========================================================================
Received Import Request.
  Time since last request: 14.070917 seconds.
  path: Assets/Image/UI/GameUI/Score.png
  artifactKey: Guid(a3d506ccd7f81f64397a02fd72f8d439) Importer(815301076,1909f56bfc062723c751e8b465ee728b)
Start importing Assets/Image/UI/GameUI/Score.png using Guid(a3d506ccd7f81f64397a02fd72f8d439) Importer(815301076,1909f56bfc062723c751e8b465ee728b)  -> (artifact id: '3d472857aaf747ed7731c2b6ccf8d960') in 0.015807 seconds 
========================================================================
Received Import Request.
  Time since last request: 55.094758 seconds.
  path: Assets/Image/UI/GameUI/Score.png
  artifactKey: Guid(a3d506ccd7f81f64397a02fd72f8d439) Importer(815301076,1909f56bfc062723c751e8b465ee728b)
Start importing Assets/Image/UI/GameUI/Score.png using Guid(a3d506ccd7f81f64397a02fd72f8d439) Importer(815301076,1909f56bfc062723c751e8b465ee728b)  -> (artifact id: 'ce810056bd6e35b593e8f2f663370bd0') in 0.017283 seconds 
========================================================================
Received Prepare
Registering precompiled user dll's ...
Registered in 0.004117 seconds.
Begin MonoManager ReloadAssembly
Symbol file LoadedFromMemory doesn't match image C:\Users\llk41\OneDrive\바탕 화면\GitHub\WagleWagle_FishCakeSoup\Library\PackageCache\com.unity.visualscripting@1.7.8\Editor\VisualScripting.Core\Dependencies\YamlDotNet\Unity.VisualScripting.YamlDotNet.dll
Symbol file LoadedFromMemory doesn't match image C:\Users\llk41\OneDrive\바탕 화면\GitHub\WagleWagle_FishCakeSoup\Library\PackageCache\com.unity.visualscripting@1.7.8\Editor\VisualScripting.Core\Dependencies\DotNetZip\Unity.VisualScripting.IonicZip.dll
Native extension for WindowsStandalone target not found
Native extension for Android target not found
Refreshing native plugins compatible for Editor in 0.98 ms, found 4 plugins.
Preloading 0 native plugins for Editor in 0.00 ms.
Mono: successfully reloaded assembly
- Completed reload, in  0.827 seconds
Domain Reload Profiling:
	ReloadAssembly (828ms)
		BeginReloadAssembly (93ms)
			ExecutionOrderSort (0ms)
			DisableScriptedObjects (4ms)
			BackupInstance (0ms)
			ReleaseScriptingObjects (0ms)
			CreateAndSetChildDomain (31ms)
		EndReloadAssembly (670ms)
			LoadAssemblies (60ms)
			RebuildTransferFunctionScriptingTraits (0ms)
			SetupTypeCache (187ms)
			ReleaseScriptCaches (2ms)
			RebuildScriptCaches (49ms)
			SetupLoadedEditorAssemblies (305ms)
				LogAssemblyErrors (0ms)
				InitializePlatformSupportModulesInManaged (18ms)
				SetLoadedEditorAssemblies (0ms)
				RefreshPlugins (1ms)
				BeforeProcessingInitializeOnLoad (60ms)
				ProcessInitializeOnLoadAttributes (181ms)
				ProcessInitializeOnLoadMethodAttributes (40ms)
				AfterProcessingInitializeOnLoad (4ms)
				EditorAssembliesLoaded (0ms)
			ExecutionOrderSort2 (0ms)
			AwakeInstancesAfterBackupRestoration (9ms)
Platform modules already initialized, skipping
Refreshing native plugins compatible for Editor in 2.72 ms, found 4 plugins.
Preloading 0 native plugins for Editor in 0.00 ms.
Unloading 4099 Unused Serialized files (Serialized files now loaded: 0)
Unloading 31 unused Assets / (189.9 KB). Loaded Objects now: 4589.
Memory consumption went from 157.7 MB to 157.5 MB.
Total: 3.695300 ms (FindLiveObjects: 0.413100 ms CreateObjectMapping: 0.235400 ms MarkObjects: 2.819400 ms  DeleteObjects: 0.225900 ms)

AssetImportParameters requested are different than current active one (requested -> active):
  custom:video-decoder-ogg-theora: a1e56fd34408186e4bbccfd4996cb3dc -> 
  custom:container-muxer-webm: aa71ff27fc2769a1b78a27578f13a17b -> 
  custom:container-demuxer-webm: 4f35f7cbe854078d1ac9338744f61a02 -> 
  custom:video-encoder-webm-vp8: eb34c28f22e8b96e1ab97ce403110664 -> 
  custom:video-codec-MediaFoundation-h265: 746d11721c4dcdbdad8f713fa42b33f4 -> 
  custom:audio-encoder-webm-vorbis: bf7c407c2cedff20999df2af8eb42d56 -> 
  custom:framework-win-MediaFoundation: 216162199b28c13a410421893ffa2e32 -> 
  custom:container-demuxer-ogg: 62fdf1f143b41e24485cea50d1cbac27 -> 
  custom:video-decoder-webm-vp8: 9c59270c3fd7afecdb556c50c9e8de78 -> 
  custom:audio-decoder-ogg-vorbis: bf7c407c2cedff20999df2af8eb42d56 -> 
========================================================================
Received Prepare
Registering precompiled user dll's ...
Registered in 0.005624 seconds.
Begin MonoManager ReloadAssembly
Symbol file LoadedFromMemory doesn't match image C:\Users\llk41\OneDrive\바탕 화면\GitHub\WagleWagle_FishCakeSoup\Library\PackageCache\com.unity.visualscripting@1.7.8\Editor\VisualScripting.Core\Dependencies\YamlDotNet\Unity.VisualScripting.YamlDotNet.dll
Symbol file LoadedFromMemory doesn't match image C:\Users\llk41\OneDrive\바탕 화면\GitHub\WagleWagle_FishCakeSoup\Library\PackageCache\com.unity.visualscripting@1.7.8\Editor\VisualScripting.Core\Dependencies\DotNetZip\Unity.VisualScripting.IonicZip.dll
Native extension for WindowsStandalone target not found
Native extension for Android target not found
Refreshing native plugins compatible for Editor in 0.73 ms, found 4 plugins.
Preloading 0 native plugins for Editor in 0.00 ms.
Mono: successfully reloaded assembly
- Completed reload, in  0.807 seconds
Domain Reload Profiling:
	ReloadAssembly (808ms)
		BeginReloadAssembly (88ms)
			ExecutionOrderSort (0ms)
			DisableScriptedObjects (4ms)
			BackupInstance (0ms)
			ReleaseScriptingObjects (0ms)
			CreateAndSetChildDomain (27ms)
		EndReloadAssembly (655ms)
			LoadAssemblies (57ms)
			RebuildTransferFunctionScriptingTraits (0ms)
			SetupTypeCache (175ms)
			ReleaseScriptCaches (2ms)
			RebuildScriptCaches (45ms)
			SetupLoadedEditorAssemblies (311ms)
				LogAssemblyErrors (0ms)
				InitializePlatformSupportModulesInManaged (18ms)
				SetLoadedEditorAssemblies (0ms)
				RefreshPlugins (1ms)
				BeforeProcessingInitializeOnLoad (57ms)
				ProcessInitializeOnLoadAttributes (186ms)
				ProcessInitializeOnLoadMethodAttributes (43ms)
				AfterProcessingInitializeOnLoad (4ms)
				EditorAssembliesLoaded (0ms)
			ExecutionOrderSort2 (0ms)
			AwakeInstancesAfterBackupRestoration (9ms)
Platform modules already initialized, skipping
Refreshing native plugins compatible for Editor in 2.66 ms, found 4 plugins.
Preloading 0 native plugins for Editor in 0.00 ms.
Unloading 4099 Unused Serialized files (Serialized files now loaded: 0)
Unloading 31 unused Assets / (189.8 KB). Loaded Objects now: 4592.
Memory consumption went from 157.7 MB to 157.5 MB.
Total: 3.120700 ms (FindLiveObjects: 0.216700 ms CreateObjectMapping: 0.190200 ms MarkObjects: 2.563200 ms  DeleteObjects: 0.149900 ms)

AssetImportParameters requested are different than current active one (requested -> active):
  custom:video-decoder-ogg-theora: a1e56fd34408186e4bbccfd4996cb3dc -> 
  custom:container-muxer-webm: aa71ff27fc2769a1b78a27578f13a17b -> 
  custom:container-demuxer-webm: 4f35f7cbe854078d1ac9338744f61a02 -> 
  custom:video-encoder-webm-vp8: eb34c28f22e8b96e1ab97ce403110664 -> 
  custom:video-codec-MediaFoundation-h265: 746d11721c4dcdbdad8f713fa42b33f4 -> 
  custom:audio-encoder-webm-vorbis: bf7c407c2cedff20999df2af8eb42d56 -> 
  custom:framework-win-MediaFoundation: 216162199b28c13a410421893ffa2e32 -> 
  custom:container-demuxer-ogg: 62fdf1f143b41e24485cea50d1cbac27 -> 
  custom:video-decoder-webm-vp8: 9c59270c3fd7afecdb556c50c9e8de78 -> 
  custom:audio-decoder-ogg-vorbis: bf7c407c2cedff20999df2af8eb42d56 -> 
========================================================================
Received Import Request.
  Time since last request: 231.031374 seconds.
  path: Assets/Image/UI/GameUI/Btn.png
  artifactKey: Guid(a2afe297ab844e740b116c9f3ca62e26) Importer(815301076,1909f56bfc062723c751e8b465ee728b)
Start importing Assets/Image/UI/GameUI/Btn.png using Guid(a2afe297ab844e740b116c9f3ca62e26) Importer(815301076,1909f56bfc062723c751e8b465ee728b)  -> (artifact id: '67d19452bbf32a8e81aa3af5307de811') in 0.050421 seconds 
========================================================================
Received Import Request.
  Time since last request: 43.045408 seconds.
  path: Assets/Image/UI/GameUI/Score.png
  artifactKey: Guid(a3d506ccd7f81f64397a02fd72f8d439) Importer(815301076,1909f56bfc062723c751e8b465ee728b)
Start importing Assets/Image/UI/GameUI/Score.png using Guid(a3d506ccd7f81f64397a02fd72f8d439) Importer(815301076,1909f56bfc062723c751e8b465ee728b)  -> (artifact id: '05bb47cb8ff8574de781be3e8b480486') in 0.014152 seconds 
========================================================================
Received Import Request.
  Time since last request: 30.361034 seconds.
  path: Assets/Image/UI/GameUI/Score.png
  artifactKey: Guid(a3d506ccd7f81f64397a02fd72f8d439) Importer(815301076,1909f56bfc062723c751e8b465ee728b)
Start importing Assets/Image/UI/GameUI/Score.png using Guid(a3d506ccd7f81f64397a02fd72f8d439) Importer(815301076,1909f56bfc062723c751e8b465ee728b)  -> (artifact id: '7380f6edee3f0dad63e7202e875449b3') in 0.023304 seconds 
========================================================================
Received Prepare
Registering precompiled user dll's ...
Registered in 0.004283 seconds.
Begin MonoManager ReloadAssembly
Symbol file LoadedFromMemory doesn't match image C:\Users\llk41\OneDrive\바탕 화면\GitHub\WagleWagle_FishCakeSoup\Library\PackageCache\com.unity.visualscripting@1.7.8\Editor\VisualScripting.Core\Dependencies\YamlDotNet\Unity.VisualScripting.YamlDotNet.dll
Symbol file LoadedFromMemory doesn't match image C:\Users\llk41\OneDrive\바탕 화면\GitHub\WagleWagle_FishCakeSoup\Library\PackageCache\com.unity.visualscripting@1.7.8\Editor\VisualScripting.Core\Dependencies\DotNetZip\Unity.VisualScripting.IonicZip.dll
Native extension for WindowsStandalone target not found
Native extension for Android target not found
Refreshing native plugins compatible for Editor in 1.14 ms, found 4 plugins.
Preloading 0 native plugins for Editor in 0.00 ms.
Mono: successfully reloaded assembly
- Completed reload, in  0.833 seconds
Domain Reload Profiling:
	ReloadAssembly (834ms)
		BeginReloadAssembly (97ms)
			ExecutionOrderSort (0ms)
			DisableScriptedObjects (4ms)
			BackupInstance (0ms)
			ReleaseScriptingObjects (0ms)
			CreateAndSetChildDomain (31ms)
		EndReloadAssembly (674ms)
			LoadAssemblies (65ms)
			RebuildTransferFunctionScriptingTraits (0ms)
			SetupTypeCache (183ms)
			ReleaseScriptCaches (3ms)
			RebuildScriptCaches (49ms)
			SetupLoadedEditorAssemblies (313ms)
				LogAssemblyErrors (0ms)
				InitializePlatformSupportModulesInManaged (20ms)
				SetLoadedEditorAssemblies (1ms)
				RefreshPlugins (1ms)
				BeforeProcessingInitializeOnLoad (63ms)
				ProcessInitializeOnLoadAttributes (184ms)
				ProcessInitializeOnLoadMethodAttributes (39ms)
				AfterProcessingInitializeOnLoad (4ms)
				EditorAssembliesLoaded (0ms)
			ExecutionOrderSort2 (0ms)
			AwakeInstancesAfterBackupRestoration (9ms)
Platform modules already initialized, skipping
Refreshing native plugins compatible for Editor in 2.45 ms, found 4 plugins.
Preloading 0 native plugins for Editor in 0.00 ms.
Unloading 4099 Unused Serialized files (Serialized files now loaded: 0)
Unloading 31 unused Assets / (191.1 KB). Loaded Objects now: 4595.
Memory consumption went from 157.7 MB to 157.5 MB.
Total: 3.422600 ms (FindLiveObjects: 0.390700 ms CreateObjectMapping: 0.147300 ms MarkObjects: 2.734900 ms  DeleteObjects: 0.148300 ms)

AssetImportParameters requested are different than current active one (requested -> active):
  custom:video-decoder-ogg-theora: a1e56fd34408186e4bbccfd4996cb3dc -> 
  custom:container-muxer-webm: aa71ff27fc2769a1b78a27578f13a17b -> 
  custom:container-demuxer-webm: 4f35f7cbe854078d1ac9338744f61a02 -> 
  custom:video-encoder-webm-vp8: eb34c28f22e8b96e1ab97ce403110664 -> 
  custom:video-codec-MediaFoundation-h265: 746d11721c4dcdbdad8f713fa42b33f4 -> 
  custom:audio-encoder-webm-vorbis: bf7c407c2cedff20999df2af8eb42d56 -> 
  custom:framework-win-MediaFoundation: 216162199b28c13a410421893ffa2e32 -> 
  custom:container-demuxer-ogg: 62fdf1f143b41e24485cea50d1cbac27 -> 
  custom:video-decoder-webm-vp8: 9c59270c3fd7afecdb556c50c9e8de78 -> 
  custom:audio-decoder-ogg-vorbis: bf7c407c2cedff20999df2af8eb42d56 -> 
