Using pre-set license
Built from '2021.3/staging' branch; Version is '2021.3.7f1 (24e8595d6d43) revision 2418777'; Using compiler version '192829333'; Build Type 'Release'
OS: 'Windows 10  (10.0.19045) 64bit Core' Language: 'ko' Physical Memory: 16268 MB
BatchMode: 1, IsHumanControllingUs: 0, StartBugReporterOnCrash: 0, Is64bit: 1, IsPro: 1

COMMAND LINE ARGUMENTS:
C:\Program Files\Unity 2021.3.7f1\Editor\Unity.exe
-adb2
-batchMode
-noUpm
-name
AssetImportWorker4
-projectPath
D:/WagleWagle_FishCakeSoup
-logFile
Logs/AssetImportWorker4.log
-srvPort
58151
Successfully changed project path to: D:/WagleWagle_FishCakeSoup
D:/WagleWagle_FishCakeSoup
[UnityMemory] Configuration Parameters - Can be set up in boot.config
    "memorysetup-bucket-allocator-granularity=16"
    "memorysetup-bucket-allocator-bucket-count=8"
    "memorysetup-bucket-allocator-block-size=33554432"
    "memorysetup-bucket-allocator-block-count=8"
    "memorysetup-main-allocator-block-size=16777216"
    "memorysetup-thread-allocator-block-size=16777216"
    "memorysetup-gfx-main-allocator-block-size=16777216"
    "memorysetup-gfx-thread-allocator-block-size=16777216"
    "memorysetup-cache-allocator-block-size=4194304"
    "memorysetup-typetree-allocator-block-size=2097152"
    "memorysetup-profiler-bucket-allocator-granularity=16"
    "memorysetup-profiler-bucket-allocator-bucket-count=8"
    "memorysetup-profiler-bucket-allocator-block-size=33554432"
    "memorysetup-profiler-bucket-allocator-block-count=8"
    "memorysetup-profiler-allocator-block-size=16777216"
    "memorysetup-profiler-editor-allocator-block-size=1048576"
    "memorysetup-temp-allocator-size-main=16777216"
    "memorysetup-job-temp-allocator-block-size=2097152"
    "memorysetup-job-temp-allocator-block-size-background=1048576"
    "memorysetup-job-temp-allocator-reduction-small-platforms=262144"
    "memorysetup-temp-allocator-size-background-worker=32768"
    "memorysetup-temp-allocator-size-job-worker=262144"
    "memorysetup-temp-allocator-size-preload-manager=33554432"
    "memorysetup-temp-allocator-size-nav-mesh-worker=65536"
    "memorysetup-temp-allocator-size-audio-worker=65536"
    "memorysetup-temp-allocator-size-cloud-worker=32768"
    "memorysetup-temp-allocator-size-gi-baking-worker=262144"
    "memorysetup-temp-allocator-size-gfx=262144"
Refreshing native plugins compatible for Editor in 75.53 ms, found 1 plugins.
Preloading 0 native plugins for Editor in 0.00 ms.
Initialize engine version: 2021.3.7f1 (24e8595d6d43)
[Subsystems] Discovering subsystems at path C:/Program Files/Unity 2021.3.7f1/Editor/Data/Resources/UnitySubsystems
[Subsystems] Discovering subsystems at path D:/WagleWagle_FishCakeSoup/Assets
GfxDevice: creating device client; threaded=0; jobified=0
Direct3D:
    Version:  Direct3D 11.0 [level 11.1]
    Renderer: NVIDIA GeForce RTX 3070 Ti (ID=0x2482)
    Vendor:   NVIDIA
    VRAM:     8031 MB
    Driver:   31.0.15.3623
Initialize mono
Mono path[0] = 'C:/Program Files/Unity 2021.3.7f1/Editor/Data/Managed'
Mono path[1] = 'C:/Program Files/Unity 2021.3.7f1/Editor/Data/MonoBleedingEdge/lib/mono/unityjit-win32'
Mono config path = 'C:/Program Files/Unity 2021.3.7f1/Editor/Data/MonoBleedingEdge/etc'
Using monoOptions --debugger-agent=transport=dt_socket,embedding=1,server=y,suspend=n,address=127.0.0.1:56004
Begin MonoManager ReloadAssembly
Registering precompiled unity dll's ...
Register platform support module: C:/Program Files/Unity 2021.3.7f1/Editor/Data/PlaybackEngines/AndroidPlayer/UnityEditor.Android.Extensions.dll
Register platform support module: C:/Program Files/Unity 2021.3.7f1/Editor/Data/PlaybackEngines/iOSSupport/UnityEditor.iOS.Extensions.dll
Register platform support module: C:/Program Files/Unity 2021.3.7f1/Editor/Data/PlaybackEngines/WindowsStandaloneSupport/UnityEditor.WindowsStandalone.Extensions.dll
Registered in 0.005982 seconds.
Native extension for WindowsStandalone target not found
[usbmuxd] Start listen thread
[usbmuxd] Listen thread started
Native extension for iOS target not found
Native extension for Android target not found
Refreshing native plugins compatible for Editor in 69.87 ms, found 1 plugins.
Preloading 0 native plugins for Editor in 0.00 ms.
Mono: successfully reloaded assembly
- Completed reload, in  0.511 seconds
Domain Reload Profiling:
	ReloadAssembly (512ms)
		BeginReloadAssembly (65ms)
			ExecutionOrderSort (0ms)
			DisableScriptedObjects (0ms)
			BackupInstance (0ms)
			ReleaseScriptingObjects (0ms)
			CreateAndSetChildDomain (1ms)
		EndReloadAssembly (353ms)
			LoadAssemblies (64ms)
			RebuildTransferFunctionScriptingTraits (0ms)
			SetupTypeCache (79ms)
			ReleaseScriptCaches (0ms)
			RebuildScriptCaches (19ms)
			SetupLoadedEditorAssemblies (217ms)
				LogAssemblyErrors (0ms)
				InitializePlatformSupportModulesInManaged (42ms)
				SetLoadedEditorAssemblies (0ms)
				RefreshPlugins (70ms)
				BeforeProcessingInitializeOnLoad (1ms)
				ProcessInitializeOnLoadAttributes (68ms)
				ProcessInitializeOnLoadMethodAttributes (34ms)
				AfterProcessingInitializeOnLoad (0ms)
				EditorAssembliesLoaded (0ms)
			ExecutionOrderSort2 (0ms)
			AwakeInstancesAfterBackupRestoration (0ms)
Platform modules already initialized, skipping
Registering precompiled user dll's ...
Registered in 0.005338 seconds.
Begin MonoManager ReloadAssembly
Symbol file LoadedFromMemory doesn't match image D:\WagleWagle_FishCakeSoup\Library\PackageCache\com.unity.visualscripting@1.7.8\Editor\VisualScripting.Core\Dependencies\YamlDotNet\Unity.VisualScripting.YamlDotNet.dll
Symbol file LoadedFromMemory doesn't match image D:\WagleWagle_FishCakeSoup\Library\PackageCache\com.unity.visualscripting@1.7.8\Editor\VisualScripting.Core\Dependencies\DotNetZip\Unity.VisualScripting.IonicZip.dll
Native extension for WindowsStandalone target not found
Native extension for iOS target not found
Native extension for Android target not found
Refreshing native plugins compatible for Editor in 66.51 ms, found 1 plugins.
Preloading 0 native plugins for Editor in 0.00 ms.
Mono: successfully reloaded assembly
- Completed reload, in  0.644 seconds
Domain Reload Profiling:
	ReloadAssembly (644ms)
		BeginReloadAssembly (89ms)
			ExecutionOrderSort (0ms)
			DisableScriptedObjects (4ms)
			BackupInstance (0ms)
			ReleaseScriptingObjects (0ms)
			CreateAndSetChildDomain (16ms)
		EndReloadAssembly (471ms)
			LoadAssemblies (63ms)
			RebuildTransferFunctionScriptingTraits (0ms)
			SetupTypeCache (119ms)
			ReleaseScriptCaches (0ms)
			RebuildScriptCaches (22ms)
			SetupLoadedEditorAssemblies (238ms)
				LogAssemblyErrors (0ms)
				InitializePlatformSupportModulesInManaged (17ms)
				SetLoadedEditorAssemblies (0ms)
				RefreshPlugins (67ms)
				BeforeProcessingInitializeOnLoad (35ms)
				ProcessInitializeOnLoadAttributes (86ms)
				ProcessInitializeOnLoadMethodAttributes (24ms)
				AfterProcessingInitializeOnLoad (9ms)
				EditorAssembliesLoaded (0ms)
			ExecutionOrderSort2 (0ms)
			AwakeInstancesAfterBackupRestoration (9ms)
Platform modules already initialized, skipping
========================================================================
Worker process is ready to serve import requests
Failed to load shader (instanceID 9672, GUID 9c442dc870b456e48b615cd8add0e9ef)
Launched and connected shader compiler UnityShaderCompiler.exe after 0.05 seconds
Refreshing native plugins compatible for Editor in 1.71 ms, found 1 plugins.
Preloading 0 native plugins for Editor in 0.00 ms.
Unloading 817 Unused Serialized files (Serialized files now loaded: 0)
Unloading 16 unused Assets / (55.3 KB). Loaded Objects now: 1288.
Memory consumption went from 66.8 MB to 66.8 MB.
Total: 2.161300 ms (FindLiveObjects: 0.109500 ms CreateObjectMapping: 0.021700 ms MarkObjects: 1.985000 ms  DeleteObjects: 0.044500 ms)

AssetImportParameters requested are different than current active one (requested -> active):
  custom:video-decoder-ogg-theora: a1e56fd34408186e4bbccfd4996cb3dc -> 
  custom:container-muxer-webm: aa71ff27fc2769a1b78a27578f13a17b -> 
  custom:container-demuxer-webm: 4f35f7cbe854078d1ac9338744f61a02 -> 
  custom:video-encoder-webm-vp8: eb34c28f22e8b96e1ab97ce403110664 -> 
  custom:audio-encoder-webm-vorbis: bf7c407c2cedff20999df2af8eb42d56 -> 
  custom:framework-win-MediaFoundation: 216162199b28c13a410421893ffa2e32 -> 
  custom:container-demuxer-ogg: 62fdf1f143b41e24485cea50d1cbac27 -> 
  custom:video-decoder-webm-vp8: 9c59270c3fd7afecdb556c50c9e8de78 -> 
  custom:audio-decoder-ogg-vorbis: bf7c407c2cedff20999df2af8eb42d56 -> 
========================================================================
Received Import Request.
  Time since last request: 1583754.175375 seconds.
  path: Assets/Image/NPC/LongFish_Ani.png
  artifactKey: Guid(b1d87cdde37b85a4a8709bf71cc4a171) Importer(815301076,1909f56bfc062723c751e8b465ee728b)
Start importing Assets/Image/NPC/LongFish_Ani.png using Guid(b1d87cdde37b85a4a8709bf71cc4a171) Importer(815301076,1909f56bfc062723c751e8b465ee728b)  -> (artifact id: 'dc043ec9c4c1385e7a5c82b9ee6dfe5c') in 0.227933 seconds 
========================================================================
Received Import Request.
  Time since last request: 9.308248 seconds.
  path: Assets/Image/NPC/LongRedFish_Ani.png
  artifactKey: Guid(dca35292f979dda41abcb534accf9df5) Importer(815301076,1909f56bfc062723c751e8b465ee728b)
Start importing Assets/Image/NPC/LongRedFish_Ani.png using Guid(dca35292f979dda41abcb534accf9df5) Importer(815301076,1909f56bfc062723c751e8b465ee728b)  -> (artifact id: 'd7e9d589b8938f62cdecbe61943004d0') in 0.124817 seconds 
========================================================================
Received Import Request.
  Time since last request: 8.319553 seconds.
  path: Assets/Image/NPC/RedFish_Ani.png
  artifactKey: Guid(f2511ef0f08c2694b8ffee092d6a0644) Importer(815301076,1909f56bfc062723c751e8b465ee728b)
Start importing Assets/Image/NPC/RedFish_Ani.png using Guid(f2511ef0f08c2694b8ffee092d6a0644) Importer(815301076,1909f56bfc062723c751e8b465ee728b)  -> (artifact id: '6046a1a1c3cbbc6ea65fb1d47ea757d0') in 0.073120 seconds 
========================================================================
Received Import Request.
  Time since last request: 6.345419 seconds.
  path: Assets/Image/NPC/SqureFish_Ani.png
  artifactKey: Guid(d7b369aa6b3f61d46b91a70829496d05) Importer(815301076,1909f56bfc062723c751e8b465ee728b)
Start importing Assets/Image/NPC/SqureFish_Ani.png using Guid(d7b369aa6b3f61d46b91a70829496d05) Importer(815301076,1909f56bfc062723c751e8b465ee728b)  -> (artifact id: 'a63c9193e7f42fd49904f304ded2af98') in 0.064821 seconds 
========================================================================
Received Import Request.
  Time since last request: 6.813780 seconds.
  path: Assets/Image/NPC/whiteFish_Ani.png
  artifactKey: Guid(438dfe0b7736cc84fa6b0d0f727c1f6d) Importer(815301076,1909f56bfc062723c751e8b465ee728b)
Start importing Assets/Image/NPC/whiteFish_Ani.png using Guid(438dfe0b7736cc84fa6b0d0f727c1f6d) Importer(815301076,1909f56bfc062723c751e8b465ee728b)  -> (artifact id: '0f8ecd82a4c931ea90d3b3e8f2827b2f') in 0.080511 seconds 
========================================================================
Received Prepare
Registering precompiled user dll's ...
Registered in 0.004351 seconds.
Begin MonoManager ReloadAssembly
Symbol file LoadedFromMemory doesn't match image D:\WagleWagle_FishCakeSoup\Library\PackageCache\com.unity.visualscripting@1.7.8\Editor\VisualScripting.Core\Dependencies\YamlDotNet\Unity.VisualScripting.YamlDotNet.dll
Symbol file LoadedFromMemory doesn't match image D:\WagleWagle_FishCakeSoup\Library\PackageCache\com.unity.visualscripting@1.7.8\Editor\VisualScripting.Core\Dependencies\DotNetZip\Unity.VisualScripting.IonicZip.dll
Native extension for WindowsStandalone target not found
Native extension for iOS target not found
Native extension for Android target not found
Refreshing native plugins compatible for Editor in 1.06 ms, found 1 plugins.
Preloading 0 native plugins for Editor in 0.00 ms.
Mono: successfully reloaded assembly
- Completed reload, in  0.625 seconds
Domain Reload Profiling:
	ReloadAssembly (625ms)
		BeginReloadAssembly (105ms)
			ExecutionOrderSort (0ms)
			DisableScriptedObjects (5ms)
			BackupInstance (0ms)
			ReleaseScriptingObjects (0ms)
			CreateAndSetChildDomain (22ms)
		EndReloadAssembly (447ms)
			LoadAssemblies (69ms)
			RebuildTransferFunctionScriptingTraits (0ms)
			SetupTypeCache (122ms)
			ReleaseScriptCaches (0ms)
			RebuildScriptCaches (21ms)
			SetupLoadedEditorAssemblies (202ms)
				LogAssemblyErrors (0ms)
				InitializePlatformSupportModulesInManaged (32ms)
				SetLoadedEditorAssemblies (0ms)
				RefreshPlugins (1ms)
				BeforeProcessingInitializeOnLoad (45ms)
				ProcessInitializeOnLoadAttributes (91ms)
				ProcessInitializeOnLoadMethodAttributes (24ms)
				AfterProcessingInitializeOnLoad (8ms)
				EditorAssembliesLoaded (0ms)
			ExecutionOrderSort2 (0ms)
			AwakeInstancesAfterBackupRestoration (12ms)
Platform modules already initialized, skipping
Failed to load shader (instanceID 9672, GUID 9c442dc870b456e48b615cd8add0e9ef)
Refreshing native plugins compatible for Editor in 1.86 ms, found 1 plugins.
Preloading 0 native plugins for Editor in 0.00 ms.
Unloading 807 Unused Serialized files (Serialized files now loaded: 0)
Unloading 8 unused Assets / (24.5 KB). Loaded Objects now: 1300.
Memory consumption went from 70.4 MB to 70.4 MB.
Total: 1.930600 ms (FindLiveObjects: 0.063600 ms CreateObjectMapping: 0.016000 ms MarkObjects: 1.835700 ms  DeleteObjects: 0.014500 ms)

AssetImportParameters requested are different than current active one (requested -> active):
  custom:video-decoder-ogg-theora: a1e56fd34408186e4bbccfd4996cb3dc -> 
  custom:container-muxer-webm: aa71ff27fc2769a1b78a27578f13a17b -> 
  custom:container-demuxer-webm: 4f35f7cbe854078d1ac9338744f61a02 -> 
  custom:video-encoder-webm-vp8: eb34c28f22e8b96e1ab97ce403110664 -> 
  custom:audio-encoder-webm-vorbis: bf7c407c2cedff20999df2af8eb42d56 -> 
  custom:framework-win-MediaFoundation: 216162199b28c13a410421893ffa2e32 -> 
  custom:container-demuxer-ogg: 62fdf1f143b41e24485cea50d1cbac27 -> 
  custom:video-decoder-webm-vp8: 9c59270c3fd7afecdb556c50c9e8de78 -> 
  custom:audio-decoder-ogg-vorbis: bf7c407c2cedff20999df2af8eb42d56 -> 
========================================================================
Received Import Request.
  Time since last request: 119.703542 seconds.
  path: Assets/Image/NPC/LongFish_Ani_0.controller
  artifactKey: Guid(729cc2cee11b4f2448931f083f06c863) Importer(815301076,1909f56bfc062723c751e8b465ee728b)
Start importing Assets/Image/NPC/LongFish_Ani_0.controller using Guid(729cc2cee11b4f2448931f083f06c863) Importer(815301076,1909f56bfc062723c751e8b465ee728b)  -> (artifact id: '53f616196ca05d47b5bd90511a1587d1') in 0.020119 seconds 
========================================================================
Received Import Request.
  Time since last request: 0.860647 seconds.
  path: Assets/Image/NPC/LongFishA.anim
  artifactKey: Guid(65558c9926ad3fa48a57b811b0d6cea5) Importer(815301076,1909f56bfc062723c751e8b465ee728b)
Start importing Assets/Image/NPC/LongFishA.anim using Guid(65558c9926ad3fa48a57b811b0d6cea5) Importer(815301076,1909f56bfc062723c751e8b465ee728b)  -> (artifact id: '2a0337b7c719f09968f0b05af76924c3') in 0.010380 seconds 
========================================================================
Received Import Request.
  Time since last request: 219.577482 seconds.
  path: Assets/Image/NPC/LongFish_Ani_0.controller
  artifactKey: Guid(729cc2cee11b4f2448931f083f06c863) Importer(815301076,1909f56bfc062723c751e8b465ee728b)
Start importing Assets/Image/NPC/LongFish_Ani_0.controller using Guid(729cc2cee11b4f2448931f083f06c863) Importer(815301076,1909f56bfc062723c751e8b465ee728b)  -> (artifact id: '5e399a9be1a19dc853f8bcced1050b43') in 0.002084 seconds 
========================================================================
Received Import Request.
  Time since last request: 1.555939 seconds.
  path: Assets/Image/NPC/LongFishA.anim
  artifactKey: Guid(65558c9926ad3fa48a57b811b0d6cea5) Importer(815301076,1909f56bfc062723c751e8b465ee728b)
Start importing Assets/Image/NPC/LongFishA.anim using Guid(65558c9926ad3fa48a57b811b0d6cea5) Importer(815301076,1909f56bfc062723c751e8b465ee728b)  -> (artifact id: 'f78abcb1fce7953f5cdae2ec0849b60d') in 0.001837 seconds 
========================================================================
Received Import Request.
  Time since last request: 40.669976 seconds.
  path: Assets/Image/배경.png
  artifactKey: Guid(f20177f9d72fa134dbeabacdcb20f160) Importer(815301076,1909f56bfc062723c751e8b465ee728b)
Start importing Assets/Image/배경.png using Guid(f20177f9d72fa134dbeabacdcb20f160) Importer(815301076,1909f56bfc062723c751e8b465ee728b)  -> (artifact id: '7b5d300f283ee0c789d624215c963152') in 0.208196 seconds 
========================================================================
Received Import Request.
  Time since last request: 7.901722 seconds.
  path: Assets/Image/Anim
  artifactKey: Guid(189281eed5a264c4b8ee3b9843c5a6c2) Importer(815301076,1909f56bfc062723c751e8b465ee728b)
Start importing Assets/Image/Anim using Guid(189281eed5a264c4b8ee3b9843c5a6c2) Importer(815301076,1909f56bfc062723c751e8b465ee728b)  -> (artifact id: '930f9cd50cf557473df3a39e92e0c18e') in 0.008174 seconds 
========================================================================
Received Import Request.
  Time since last request: 565.388744 seconds.
  path: Assets/Anim/SquareFishA.anim
  artifactKey: Guid(405749a219430a44bb6927df033bf8a1) Importer(815301076,1909f56bfc062723c751e8b465ee728b)
Start importing Assets/Anim/SquareFishA.anim using Guid(405749a219430a44bb6927df033bf8a1) Importer(815301076,1909f56bfc062723c751e8b465ee728b)  -> (artifact id: '24758c0af6743f5272eba51cab274694') in 0.009284 seconds 
========================================================================
Received Import Request.
  Time since last request: 7.729897 seconds.
  path: Assets/Anim/SqureFish_Ani_0.controller
  artifactKey: Guid(bf2b552da67b9a247bd33fb8cb82aae3) Importer(815301076,1909f56bfc062723c751e8b465ee728b)
Start importing Assets/Anim/SqureFish_Ani_0.controller using Guid(bf2b552da67b9a247bd33fb8cb82aae3) Importer(815301076,1909f56bfc062723c751e8b465ee728b)  -> (artifact id: 'eac559d345cbcd011a5cff84657b5ea0') in 0.008973 seconds 
========================================================================
Received Import Request.
  Time since last request: 3.675078 seconds.
  path: Assets/Anim/LongRedFish_Ani_0.controller
  artifactKey: Guid(96c1837443b708e48a1feaf2458284b3) Importer(815301076,1909f56bfc062723c751e8b465ee728b)
Start importing Assets/Anim/LongRedFish_Ani_0.controller using Guid(96c1837443b708e48a1feaf2458284b3) Importer(815301076,1909f56bfc062723c751e8b465ee728b)  -> (artifact id: '9c4dc6a207121886127e6942c228cf4f') in 0.008468 seconds 
========================================================================
Received Import Request.
  Time since last request: 0.320320 seconds.
  path: Assets/Anim/LongRedFishA.anim
  artifactKey: Guid(94836cab39b30b94ba589c21a812b0c1) Importer(815301076,1909f56bfc062723c751e8b465ee728b)
Start importing Assets/Anim/LongRedFishA.anim using Guid(94836cab39b30b94ba589c21a812b0c1) Importer(815301076,1909f56bfc062723c751e8b465ee728b)  -> (artifact id: 'e232894bf92c1124effc575a75fd1e5f') in 0.008302 seconds 
========================================================================
Received Import Request.
  Time since last request: 0.503253 seconds.
  path: Assets/Anim/RedFish_Ani_0.controller
  artifactKey: Guid(9c626c54606ee9f4fac7de8f9221f7e0) Importer(815301076,1909f56bfc062723c751e8b465ee728b)
Start importing Assets/Anim/RedFish_Ani_0.controller using Guid(9c626c54606ee9f4fac7de8f9221f7e0) Importer(815301076,1909f56bfc062723c751e8b465ee728b)  -> (artifact id: 'f7360d061995ffb3b8d85aa163d81ec9') in 0.009439 seconds 
========================================================================
Received Import Request.
  Time since last request: 0.279491 seconds.
  path: Assets/Anim/RedFishA.anim
  artifactKey: Guid(31371f149410d434aa6f7299cc316d5a) Importer(815301076,1909f56bfc062723c751e8b465ee728b)
Start importing Assets/Anim/RedFishA.anim using Guid(31371f149410d434aa6f7299cc316d5a) Importer(815301076,1909f56bfc062723c751e8b465ee728b)  -> (artifact id: '5e727876e6346311c982aa9169ad3ea2') in 0.008343 seconds 
========================================================================
Received Import Request.
  Time since last request: 1.794261 seconds.
  path: Assets/Image/MapImage/AllMap.png
  artifactKey: Guid(ba391dca519e8f74ea43131c6f5c6a63) Importer(815301076,1909f56bfc062723c751e8b465ee728b)
Start importing Assets/Image/MapImage/AllMap.png using Guid(ba391dca519e8f74ea43131c6f5c6a63) Importer(815301076,1909f56bfc062723c751e8b465ee728b)  -> (artifact id: '4c03cb404f6822224bc4c3cce4b5aab2') in 0.122013 seconds 
========================================================================
Received Import Request.
  Time since last request: 12.269789 seconds.
  path: Assets/Image/NPC/(정)넓은.png
  artifactKey: Guid(24f89615bf069404086732322b9c4660) Importer(815301076,1909f56bfc062723c751e8b465ee728b)
Start importing Assets/Image/NPC/(정)넓은.png using Guid(24f89615bf069404086732322b9c4660) Importer(815301076,1909f56bfc062723c751e8b465ee728b)  -> (artifact id: 'df03331e43314c5a7319eabd808e5941') in 0.015978 seconds 
========================================================================
Received Import Request.
  Time since last request: 11.943401 seconds.
  path: Assets/Image/NPC/SqureFishAni.png
  artifactKey: Guid(24f89615bf069404086732322b9c4660) Importer(815301076,1909f56bfc062723c751e8b465ee728b)
Start importing Assets/Image/NPC/SqureFishAni.png using Guid(24f89615bf069404086732322b9c4660) Importer(815301076,1909f56bfc062723c751e8b465ee728b)  -> (artifact id: '8037b0b0347d7b9e0845fcc7c77e086d') in 0.011533 seconds 
========================================================================
Received Import Request.
  Time since last request: 5.643856 seconds.
  path: Assets/Image/NPC/SqureFishAni.png
  artifactKey: Guid(24f89615bf069404086732322b9c4660) Importer(815301076,1909f56bfc062723c751e8b465ee728b)
Start importing Assets/Image/NPC/SqureFishAni.png using Guid(24f89615bf069404086732322b9c4660) Importer(815301076,1909f56bfc062723c751e8b465ee728b)  -> (artifact id: 'fbe0aba052bea404a6fe7653dd661fac') in 0.013272 seconds 
========================================================================
Received Import Request.
  Time since last request: 9.702345 seconds.
  path: Assets/Image/NPC/SqureFishAni.png
  artifactKey: Guid(24f89615bf069404086732322b9c4660) Importer(815301076,1909f56bfc062723c751e8b465ee728b)
Start importing Assets/Image/NPC/SqureFishAni.png using Guid(24f89615bf069404086732322b9c4660) Importer(815301076,1909f56bfc062723c751e8b465ee728b)  -> (artifact id: 'e4e04a6ba711d123f2efa71b63f7e7a0') in 0.065735 seconds 
