Using pre-set license
Built from '2021.3/staging' branch; Version is '2021.3.7f1 (24e8595d6d43) revision 2418777'; Using compiler version '192829333'; Build Type 'Release'
OS: 'Windows 10  (10.0.19045) 64bit Core' Language: 'ko' Physical Memory: 16268 MB
BatchMode: 1, IsHumanControllingUs: 0, StartBugReporterOnCrash: 0, Is64bit: 1, IsPro: 1

COMMAND LINE ARGUMENTS:
C:\Program Files\Unity 2021.3.7f1\Editor\Unity.exe
-adb2
-batchMode
-noUpm
-name
AssetImportWorker2
-projectPath
D:/WagleWagle_FishCakeSoup
-logFile
Logs/AssetImportWorker2.log
-srvPort
58151
Successfully changed project path to: D:/WagleWagle_FishCakeSoup
D:/WagleWagle_FishCakeSoup
[UnityMemory] Configuration Parameters - Can be set up in boot.config
    "memorysetup-bucket-allocator-granularity=16"
    "memorysetup-bucket-allocator-bucket-count=8"
    "memorysetup-bucket-allocator-block-size=33554432"
    "memorysetup-bucket-allocator-block-count=8"
    "memorysetup-main-allocator-block-size=16777216"
    "memorysetup-thread-allocator-block-size=16777216"
    "memorysetup-gfx-main-allocator-block-size=16777216"
    "memorysetup-gfx-thread-allocator-block-size=16777216"
    "memorysetup-cache-allocator-block-size=4194304"
    "memorysetup-typetree-allocator-block-size=2097152"
    "memorysetup-profiler-bucket-allocator-granularity=16"
    "memorysetup-profiler-bucket-allocator-bucket-count=8"
    "memorysetup-profiler-bucket-allocator-block-size=33554432"
    "memorysetup-profiler-bucket-allocator-block-count=8"
    "memorysetup-profiler-allocator-block-size=16777216"
    "memorysetup-profiler-editor-allocator-block-size=1048576"
    "memorysetup-temp-allocator-size-main=16777216"
    "memorysetup-job-temp-allocator-block-size=2097152"
    "memorysetup-job-temp-allocator-block-size-background=1048576"
    "memorysetup-job-temp-allocator-reduction-small-platforms=262144"
    "memorysetup-temp-allocator-size-background-worker=32768"
    "memorysetup-temp-allocator-size-job-worker=262144"
    "memorysetup-temp-allocator-size-preload-manager=33554432"
    "memorysetup-temp-allocator-size-nav-mesh-worker=65536"
    "memorysetup-temp-allocator-size-audio-worker=65536"
    "memorysetup-temp-allocator-size-cloud-worker=32768"
    "memorysetup-temp-allocator-size-gi-baking-worker=262144"
    "memorysetup-temp-allocator-size-gfx=262144"
Refreshing native plugins compatible for Editor in 66.63 ms, found 0 plugins.
Preloading 0 native plugins for Editor in 0.00 ms.
Initialize engine version: 2021.3.7f1 (24e8595d6d43)
[Subsystems] Discovering subsystems at path C:/Program Files/Unity 2021.3.7f1/Editor/Data/Resources/UnitySubsystems
[Subsystems] Discovering subsystems at path D:/WagleWagle_FishCakeSoup/Assets
GfxDevice: creating device client; threaded=0; jobified=0
Direct3D:
    Version:  Direct3D 11.0 [level 11.1]
    Renderer: NVIDIA GeForce RTX 3070 Ti (ID=0x2482)
    Vendor:   NVIDIA
    VRAM:     8031 MB
    Driver:   31.0.15.3623
Initialize mono
Mono path[0] = 'C:/Program Files/Unity 2021.3.7f1/Editor/Data/Managed'
Mono path[1] = 'C:/Program Files/Unity 2021.3.7f1/Editor/Data/MonoBleedingEdge/lib/mono/unityjit-win32'
Mono config path = 'C:/Program Files/Unity 2021.3.7f1/Editor/Data/MonoBleedingEdge/etc'
Using monoOptions --debugger-agent=transport=dt_socket,embedding=1,server=y,suspend=n,address=127.0.0.1:56740
Begin MonoManager ReloadAssembly
Registering precompiled unity dll's ...
Register platform support module: C:/Program Files/Unity 2021.3.7f1/Editor/Data/PlaybackEngines/AndroidPlayer/UnityEditor.Android.Extensions.dll
Register platform support module: C:/Program Files/Unity 2021.3.7f1/Editor/Data/PlaybackEngines/iOSSupport/UnityEditor.iOS.Extensions.dll
Register platform support module: C:/Program Files/Unity 2021.3.7f1/Editor/Data/PlaybackEngines/WindowsStandaloneSupport/UnityEditor.WindowsStandalone.Extensions.dll
Registered in 0.006811 seconds.
Native extension for WindowsStandalone target not found
[usbmuxd] Start listen thread
[usbmuxd] Listen thread started
Native extension for iOS target not found
Native extension for Android target not found
Refreshing native plugins compatible for Editor in 68.15 ms, found 0 plugins.
Preloading 0 native plugins for Editor in 0.00 ms.
Mono: successfully reloaded assembly
- Completed reload, in  0.557 seconds
Domain Reload Profiling:
	ReloadAssembly (557ms)
		BeginReloadAssembly (75ms)
			ExecutionOrderSort (0ms)
			DisableScriptedObjects (0ms)
			BackupInstance (0ms)
			ReleaseScriptingObjects (0ms)
			CreateAndSetChildDomain (1ms)
		EndReloadAssembly (382ms)
			LoadAssemblies (74ms)
			RebuildTransferFunctionScriptingTraits (0ms)
			SetupTypeCache (103ms)
			ReleaseScriptCaches (0ms)
			RebuildScriptCaches (18ms)
			SetupLoadedEditorAssemblies (217ms)
				LogAssemblyErrors (0ms)
				InitializePlatformSupportModulesInManaged (44ms)
				SetLoadedEditorAssemblies (0ms)
				RefreshPlugins (68ms)
				BeforeProcessingInitializeOnLoad (1ms)
				ProcessInitializeOnLoadAttributes (68ms)
				ProcessInitializeOnLoadMethodAttributes (35ms)
				AfterProcessingInitializeOnLoad (0ms)
				EditorAssembliesLoaded (0ms)
			ExecutionOrderSort2 (0ms)
			AwakeInstancesAfterBackupRestoration (0ms)
Platform modules already initialized, skipping
Registering precompiled user dll's ...
Registered in 0.003639 seconds.
Begin MonoManager ReloadAssembly
Symbol file LoadedFromMemory doesn't match image D:\WagleWagle_FishCakeSoup\Library\PackageCache\com.unity.visualscripting@1.7.8\Editor\VisualScripting.Core\Dependencies\YamlDotNet\Unity.VisualScripting.YamlDotNet.dll
Symbol file LoadedFromMemory doesn't match image D:\WagleWagle_FishCakeSoup\Library\PackageCache\com.unity.visualscripting@1.7.8\Editor\VisualScripting.Core\Dependencies\DotNetZip\Unity.VisualScripting.IonicZip.dll
Native extension for WindowsStandalone target not found
Native extension for iOS target not found
Native extension for Android target not found
Refreshing native plugins compatible for Editor in 0.85 ms, found 0 plugins.
Preloading 0 native plugins for Editor in 0.00 ms.
Mono: successfully reloaded assembly
- Completed reload, in  0.500 seconds
Domain Reload Profiling:
	ReloadAssembly (500ms)
		BeginReloadAssembly (86ms)
			ExecutionOrderSort (0ms)
			DisableScriptedObjects (4ms)
			BackupInstance (0ms)
			ReleaseScriptingObjects (0ms)
			CreateAndSetChildDomain (14ms)
		EndReloadAssembly (330ms)
			LoadAssemblies (57ms)
			RebuildTransferFunctionScriptingTraits (0ms)
			SetupTypeCache (108ms)
			ReleaseScriptCaches (0ms)
			RebuildScriptCaches (16ms)
			SetupLoadedEditorAssemblies (127ms)
				LogAssemblyErrors (0ms)
				InitializePlatformSupportModulesInManaged (17ms)
				SetLoadedEditorAssemblies (0ms)
				RefreshPlugins (1ms)
				BeforeProcessingInitializeOnLoad (27ms)
				ProcessInitializeOnLoadAttributes (61ms)
				ProcessInitializeOnLoadMethodAttributes (13ms)
				AfterProcessingInitializeOnLoad (7ms)
				EditorAssembliesLoaded (0ms)
			ExecutionOrderSort2 (0ms)
			AwakeInstancesAfterBackupRestoration (8ms)
Platform modules already initialized, skipping
========================================================================
Worker process is ready to serve import requests
Failed to load shader (instanceID 8016, GUID 9c442dc870b456e48b615cd8add0e9ef)
Launched and connected shader compiler UnityShaderCompiler.exe after 0.04 seconds
Refreshing native plugins compatible for Editor in 0.87 ms, found 0 plugins.
Preloading 0 native plugins for Editor in 0.00 ms.
Unloading 7 Unused Serialized files (Serialized files now loaded: 0)
Unloading 2 unused Assets / (49.1 KB). Loaded Objects now: 480.
Memory consumption went from 27.0 MB to 26.9 MB.
Total: 2.424800 ms (FindLiveObjects: 0.028700 ms CreateObjectMapping: 0.002400 ms MarkObjects: 2.352500 ms  DeleteObjects: 0.040600 ms)

AssetImportParameters requested are different than current active one (requested -> active):
  custom:video-decoder-ogg-theora: a1e56fd34408186e4bbccfd4996cb3dc -> 
  custom:container-muxer-webm: aa71ff27fc2769a1b78a27578f13a17b -> 
  custom:container-demuxer-webm: 4f35f7cbe854078d1ac9338744f61a02 -> 
  custom:video-encoder-webm-vp8: eb34c28f22e8b96e1ab97ce403110664 -> 
  custom:audio-encoder-webm-vorbis: bf7c407c2cedff20999df2af8eb42d56 -> 
  custom:framework-win-MediaFoundation: 216162199b28c13a410421893ffa2e32 -> 
  custom:container-demuxer-ogg: 62fdf1f143b41e24485cea50d1cbac27 -> 
  custom:video-decoder-webm-vp8: 9c59270c3fd7afecdb556c50c9e8de78 -> 
  custom:audio-decoder-ogg-vorbis: bf7c407c2cedff20999df2af8eb42d56 -> 
========================================================================
Received Import Request.
  Time since last request: 1583328.776154 seconds.
  path: Assets/Image/NPC/(정)긴타입.png
  artifactKey: Guid(438dfe0b7736cc84fa6b0d0f727c1f6d) Importer(815301076,1909f56bfc062723c751e8b465ee728b)
Start importing Assets/Image/NPC/(정)긴타입.png using Guid(438dfe0b7736cc84fa6b0d0f727c1f6d) Importer(815301076,1909f56bfc062723c751e8b465ee728b)  -> (artifact id: '40a2f94060c37f8f331ad0aed1e6b20e') in 0.109894 seconds 
========================================================================
Received Import Request.
  Time since last request: 31.518840 seconds.
  path: Assets/Image/NPC/LongFish_Ani.png
  artifactKey: Guid(a93859a89ea2aee478d30e44c7195a02) Importer(815301076,1909f56bfc062723c751e8b465ee728b)
Start importing Assets/Image/NPC/LongFish_Ani.png using Guid(a93859a89ea2aee478d30e44c7195a02) Importer(815301076,1909f56bfc062723c751e8b465ee728b)  -> (artifact id: '960e1c57211db7f31b66e87a5ff2aa43') in 0.014077 seconds 
========================================================================
Received Import Request.
  Time since last request: 9.116455 seconds.
  path: Assets/Image/NPC/LongRedFish_Ani.png
  artifactKey: Guid(dca35292f979dda41abcb534accf9df5) Importer(815301076,1909f56bfc062723c751e8b465ee728b)
Start importing Assets/Image/NPC/LongRedFish_Ani.png using Guid(dca35292f979dda41abcb534accf9df5) Importer(815301076,1909f56bfc062723c751e8b465ee728b)  -> (artifact id: 'd09b76ddc1c23651cfa502d7bf1ddc50') in 0.036962 seconds 
========================================================================
Received Import Request.
  Time since last request: 7.503186 seconds.
  path: Assets/Image/NPC/RedFish_Ani.png
  artifactKey: Guid(f2511ef0f08c2694b8ffee092d6a0644) Importer(815301076,1909f56bfc062723c751e8b465ee728b)
Start importing Assets/Image/NPC/RedFish_Ani.png using Guid(f2511ef0f08c2694b8ffee092d6a0644) Importer(815301076,1909f56bfc062723c751e8b465ee728b)  -> (artifact id: '059b71f6c9cfe55998d7c8a331f76447') in 0.012218 seconds 
========================================================================
Received Import Request.
  Time since last request: 10.222446 seconds.
  path: Assets/Image/NPC/SqureFish_Ani.png
  artifactKey: Guid(d7b369aa6b3f61d46b91a70829496d05) Importer(815301076,1909f56bfc062723c751e8b465ee728b)
Start importing Assets/Image/NPC/SqureFish_Ani.png using Guid(d7b369aa6b3f61d46b91a70829496d05) Importer(815301076,1909f56bfc062723c751e8b465ee728b)  -> (artifact id: '49915e6efd5caaa4a39964b8074a000b') in 0.035122 seconds 
========================================================================
Received Import Request.
  Time since last request: 12.475380 seconds.
  path: Assets/Image/NPC/whiteFish_Ani.png
  artifactKey: Guid(438dfe0b7736cc84fa6b0d0f727c1f6d) Importer(815301076,1909f56bfc062723c751e8b465ee728b)
Start importing Assets/Image/NPC/whiteFish_Ani.png using Guid(438dfe0b7736cc84fa6b0d0f727c1f6d) Importer(815301076,1909f56bfc062723c751e8b465ee728b)  -> (artifact id: 'b8e35b828a50a42902f6db1ffc165f25') in 0.012365 seconds 
========================================================================
Received Import Request.
  Time since last request: 53.400383 seconds.
  path: Assets/Image/NPC/긴어묵ani.png
  artifactKey: Guid(b1d87cdde37b85a4a8709bf71cc4a171) Importer(815301076,1909f56bfc062723c751e8b465ee728b)
Start importing Assets/Image/NPC/긴어묵ani.png using Guid(b1d87cdde37b85a4a8709bf71cc4a171) Importer(815301076,1909f56bfc062723c751e8b465ee728b)  -> (artifact id: '79bcfc11127a3b84e18c1775983f74cc') in 0.005847 seconds 
========================================================================
Received Import Request.
  Time since last request: 15.011237 seconds.
  path: Assets/Image/NPC/긴어묵ani.png
  artifactKey: Guid(b1d87cdde37b85a4a8709bf71cc4a171) Importer(815301076,1909f56bfc062723c751e8b465ee728b)
Start importing Assets/Image/NPC/긴어묵ani.png using Guid(b1d87cdde37b85a4a8709bf71cc4a171) Importer(815301076,1909f56bfc062723c751e8b465ee728b)  -> (artifact id: '7259b9886dca0dfdbd731b6d113ba2a3') in 0.024353 seconds 
========================================================================
Received Import Request.
  Time since last request: 5.634425 seconds.
  path: Assets/Image/NPC/LongFish_Ani.png
  artifactKey: Guid(b1d87cdde37b85a4a8709bf71cc4a171) Importer(815301076,1909f56bfc062723c751e8b465ee728b)
Start importing Assets/Image/NPC/LongFish_Ani.png using Guid(b1d87cdde37b85a4a8709bf71cc4a171) Importer(815301076,1909f56bfc062723c751e8b465ee728b)  -> (artifact id: '0ab1454b22b54551110cf457b6daf36a') in 0.012147 seconds 
========================================================================
Received Import Request.
  Time since last request: 8.433174 seconds.
  path: Assets/Image/NPC/LongRedFish_Ani.png
  artifactKey: Guid(dca35292f979dda41abcb534accf9df5) Importer(815301076,1909f56bfc062723c751e8b465ee728b)
Start importing Assets/Image/NPC/LongRedFish_Ani.png using Guid(dca35292f979dda41abcb534accf9df5) Importer(815301076,1909f56bfc062723c751e8b465ee728b)  -> (artifact id: 'de772d6c06f7ff44c00bb88408a607f3') in 0.017641 seconds 
========================================================================
Received Import Request.
  Time since last request: 5.100190 seconds.
  path: Assets/Image/NPC/RedFish_Ani.png
  artifactKey: Guid(f2511ef0f08c2694b8ffee092d6a0644) Importer(815301076,1909f56bfc062723c751e8b465ee728b)
Start importing Assets/Image/NPC/RedFish_Ani.png using Guid(f2511ef0f08c2694b8ffee092d6a0644) Importer(815301076,1909f56bfc062723c751e8b465ee728b)  -> (artifact id: '61c56c247958560002dae74b09d9affc') in 0.090867 seconds 
========================================================================
Received Import Request.
  Time since last request: 3.612795 seconds.
  path: Assets/Image/NPC/RedFish_Ani.png
  artifactKey: Guid(f2511ef0f08c2694b8ffee092d6a0644) Importer(815301076,1909f56bfc062723c751e8b465ee728b)
Start importing Assets/Image/NPC/RedFish_Ani.png using Guid(f2511ef0f08c2694b8ffee092d6a0644) Importer(815301076,1909f56bfc062723c751e8b465ee728b)  -> (artifact id: '20e76b9e25eefeb51e8a099713f3f5b9') in 0.012411 seconds 
========================================================================
Received Import Request.
  Time since last request: 6.040810 seconds.
  path: Assets/Image/NPC/SqureFish_Ani.png
  artifactKey: Guid(d7b369aa6b3f61d46b91a70829496d05) Importer(815301076,1909f56bfc062723c751e8b465ee728b)
Start importing Assets/Image/NPC/SqureFish_Ani.png using Guid(d7b369aa6b3f61d46b91a70829496d05) Importer(815301076,1909f56bfc062723c751e8b465ee728b)  -> (artifact id: '1d7d82f894d500ef9505a3ed909f70d3') in 0.067468 seconds 
========================================================================
Received Import Request.
  Time since last request: 4.604850 seconds.
  path: Assets/Image/NPC/whiteFish_Ani.png
  artifactKey: Guid(438dfe0b7736cc84fa6b0d0f727c1f6d) Importer(815301076,1909f56bfc062723c751e8b465ee728b)
Start importing Assets/Image/NPC/whiteFish_Ani.png using Guid(438dfe0b7736cc84fa6b0d0f727c1f6d) Importer(815301076,1909f56bfc062723c751e8b465ee728b)  -> (artifact id: '15c942cb890c059d76e78e2258c7a5c2') in 0.014088 seconds 
========================================================================
Received Prepare
Registering precompiled user dll's ...
Registered in 0.005644 seconds.
Begin MonoManager ReloadAssembly
Symbol file LoadedFromMemory doesn't match image D:\WagleWagle_FishCakeSoup\Library\PackageCache\com.unity.visualscripting@1.7.8\Editor\VisualScripting.Core\Dependencies\YamlDotNet\Unity.VisualScripting.YamlDotNet.dll
Symbol file LoadedFromMemory doesn't match image D:\WagleWagle_FishCakeSoup\Library\PackageCache\com.unity.visualscripting@1.7.8\Editor\VisualScripting.Core\Dependencies\DotNetZip\Unity.VisualScripting.IonicZip.dll
Native extension for WindowsStandalone target not found
Native extension for iOS target not found
Native extension for Android target not found
Refreshing native plugins compatible for Editor in 68.68 ms, found 1 plugins.
Preloading 0 native plugins for Editor in 0.00 ms.
Mono: successfully reloaded assembly
- Completed reload, in  0.718 seconds
Domain Reload Profiling:
	ReloadAssembly (719ms)
		BeginReloadAssembly (121ms)
			ExecutionOrderSort (0ms)
			DisableScriptedObjects (5ms)
			BackupInstance (0ms)
			ReleaseScriptingObjects (0ms)
			CreateAndSetChildDomain (23ms)
		EndReloadAssembly (510ms)
			LoadAssemblies (82ms)
			RebuildTransferFunctionScriptingTraits (0ms)
			SetupTypeCache (146ms)
			ReleaseScriptCaches (0ms)
			RebuildScriptCaches (17ms)
			SetupLoadedEditorAssemblies (241ms)
				LogAssemblyErrors (0ms)
				InitializePlatformSupportModulesInManaged (28ms)
				SetLoadedEditorAssemblies (0ms)
				RefreshPlugins (69ms)
				BeforeProcessingInitializeOnLoad (34ms)
				ProcessInitializeOnLoadAttributes (77ms)
				ProcessInitializeOnLoadMethodAttributes (25ms)
				AfterProcessingInitializeOnLoad (7ms)
				EditorAssembliesLoaded (0ms)
			ExecutionOrderSort2 (0ms)
			AwakeInstancesAfterBackupRestoration (9ms)
Platform modules already initialized, skipping
Failed to load shader (instanceID 8016, GUID 9c442dc870b456e48b615cd8add0e9ef)
Refreshing native plugins compatible for Editor in 1.38 ms, found 1 plugins.
Preloading 0 native plugins for Editor in 0.00 ms.
Unloading 812 Unused Serialized files (Serialized files now loaded: 0)
Unloading 13 unused Assets / (161.3 KB). Loaded Objects now: 1293.
Memory consumption went from 70.5 MB to 70.4 MB.
Total: 2.785600 ms (FindLiveObjects: 0.081100 ms CreateObjectMapping: 0.019700 ms MarkObjects: 2.578300 ms  DeleteObjects: 0.104600 ms)

AssetImportParameters requested are different than current active one (requested -> active):
  custom:video-decoder-ogg-theora: a1e56fd34408186e4bbccfd4996cb3dc -> 
  custom:container-muxer-webm: aa71ff27fc2769a1b78a27578f13a17b -> 
  custom:container-demuxer-webm: 4f35f7cbe854078d1ac9338744f61a02 -> 
  custom:video-encoder-webm-vp8: eb34c28f22e8b96e1ab97ce403110664 -> 
  custom:audio-encoder-webm-vorbis: bf7c407c2cedff20999df2af8eb42d56 -> 
  custom:framework-win-MediaFoundation: 216162199b28c13a410421893ffa2e32 -> 
  custom:container-demuxer-ogg: 62fdf1f143b41e24485cea50d1cbac27 -> 
  custom:video-decoder-webm-vp8: 9c59270c3fd7afecdb556c50c9e8de78 -> 
  custom:audio-decoder-ogg-vorbis: bf7c407c2cedff20999df2af8eb42d56 -> 
========================================================================
Received Import Request.
  Time since last request: 199.032609 seconds.
  path: Assets/Image/NPC/LongRedFish_Ani.png
  artifactKey: Guid(dca35292f979dda41abcb534accf9df5) Importer(815301076,1909f56bfc062723c751e8b465ee728b)
Start importing Assets/Image/NPC/LongRedFish_Ani.png using Guid(dca35292f979dda41abcb534accf9df5) Importer(815301076,1909f56bfc062723c751e8b465ee728b)  -> (artifact id: '807be8d189af0c01757240943cdf615f') in 0.041011 seconds 
========================================================================
Received Import Request.
  Time since last request: 0.000016 seconds.
  path: Assets/Image/NPC/RedFish.png
  artifactKey: Guid(144bf41f08750994e95a3c738628af63) Importer(815301076,1909f56bfc062723c751e8b465ee728b)
Start importing Assets/Image/NPC/RedFish.png using Guid(144bf41f08750994e95a3c738628af63) Importer(815301076,1909f56bfc062723c751e8b465ee728b)  -> (artifact id: 'baabd5d560afbde3fad8d2343af46634') in 0.070393 seconds 
========================================================================
Received Import Request.
  Time since last request: 0.000021 seconds.
  path: Assets/Image/NPC/LongRedFish.png
  artifactKey: Guid(0fe9f2e006a8a3149897749ec2c9fe1a) Importer(815301076,1909f56bfc062723c751e8b465ee728b)
Start importing Assets/Image/NPC/LongRedFish.png using Guid(0fe9f2e006a8a3149897749ec2c9fe1a) Importer(815301076,1909f56bfc062723c751e8b465ee728b)  -> (artifact id: 'b17ca345a74b4097a7d5cce599782bcd') in 0.094948 seconds 
========================================================================
Received Import Request.
  Time since last request: 0.000014 seconds.
  path: Assets/Image/NPC/whiteFish_Ani.png
  artifactKey: Guid(438dfe0b7736cc84fa6b0d0f727c1f6d) Importer(815301076,1909f56bfc062723c751e8b465ee728b)
Start importing Assets/Image/NPC/whiteFish_Ani.png using Guid(438dfe0b7736cc84fa6b0d0f727c1f6d) Importer(815301076,1909f56bfc062723c751e8b465ee728b)  -> (artifact id: '169c0de83bb1cba200af6030c59b7a68') in 0.019063 seconds 
========================================================================
Received Import Request.
  Time since last request: 0.000017 seconds.
  path: Assets/Image/NPC/SqureFish.png
  artifactKey: Guid(b1a81d84d9fbe074988afc5e01782bff) Importer(815301076,1909f56bfc062723c751e8b465ee728b)
Start importing Assets/Image/NPC/SqureFish.png using Guid(b1a81d84d9fbe074988afc5e01782bff) Importer(815301076,1909f56bfc062723c751e8b465ee728b)  -> (artifact id: 'fe7456dd0dbedbbcc4e78f38c1f59939') in 0.046480 seconds 
Editor requested this worker to shutdown with reason: Scaling down because of idle timeout
AssetImportWorker is now disconnected from the server
Process exiting
Exiting without the bug reporter. Application will terminate with return code 0